<?xml version="1.0" encoding="UTF-8"?>
<!-- Generated by org.testng.reporters.JUnitReportReporter -->
<testsuite hostname="MANGESH-DELL2020" failures="0" tests="1" name="com.cal.testscripts.TC002" time="8.403" errors="0" timestamp="2022-04-29T14:21:13 IST" skipped="0">
  <testcase classname="com.cal.testscripts.TC002" name="tc002" time="8.403"/>
  <system-out>
    <![CDATA[Application opened
Division :
Division Result]]>
  </system-out>
</testsuite> <!-- com.cal.testscripts.TC002 -->
