<?xml version="1.0" encoding="UTF-8"?>
<!-- Generated by org.testng.reporters.JUnitReportReporter -->
<testsuite hostname="MANGESH-DELL2020" failures="0" tests="1" name="com.cal.testscripts.TC004" time="8.282" errors="0" timestamp="2022-04-29T14:21:13 IST" skipped="0">
  <testcase classname="com.cal.testscripts.TC004" name="tc004" time="8.282"/>
  <system-out>
    <![CDATA[Application opened
Subtraction :
Subtraction Result]]>
  </system-out>
</testsuite> <!-- com.cal.testscripts.TC004 -->
