<?xml version="1.0" encoding="UTF-8"?>
<!-- Generated by org.testng.reporters.JUnitReportReporter -->
<testsuite hostname="MANGESH-DELL2020" failures="0" tests="1" name="com.cal.testscripts.TC003" time="8.811" errors="0" timestamp="2022-04-29T14:21:13 IST" skipped="0">
  <testcase classname="com.cal.testscripts.TC003" name="tc003" time="8.811"/>
  <system-out>
    <![CDATA[Application opened
Addition :
Addition Result]]>
  </system-out>
</testsuite> <!-- com.cal.testscripts.TC003 -->
